[09-Aug-2016 20:31:54 UTC] PHP Parse error:  syntax error, unexpected '}' in /home/ubuntu/workspace/wp-content/themes/onepix/functions.php on line 5
[09-Aug-2016 20:31:54 UTC] PHP Stack trace:
[09-Aug-2016 20:31:54 UTC] PHP   1. {main}() /home/ubuntu/workspace/wp-admin/admin-ajax.php:0
[09-Aug-2016 20:31:54 UTC] PHP   2. require_once() /home/ubuntu/workspace/wp-admin/admin-ajax.php:22
[09-Aug-2016 20:31:54 UTC] PHP   3. require_once() /home/ubuntu/workspace/wp-load.php:37
[09-Aug-2016 20:31:54 UTC] PHP   4. require_once() /home/ubuntu/workspace/wp-config.php:92
[09-Aug-2016 20:33:54 UTC] PHP Parse error:  syntax error, unexpected '?>', expecting '{' in /home/ubuntu/workspace/wp-content/themes/onepix/functions.php on line 7
[09-Aug-2016 20:33:54 UTC] PHP Stack trace:
[09-Aug-2016 20:33:54 UTC] PHP   1. {main}() /home/ubuntu/workspace/wp-admin/admin-ajax.php:0
[09-Aug-2016 20:33:54 UTC] PHP   2. require_once() /home/ubuntu/workspace/wp-admin/admin-ajax.php:22
[09-Aug-2016 20:33:54 UTC] PHP   3. require_once() /home/ubuntu/workspace/wp-load.php:37
[09-Aug-2016 20:33:54 UTC] PHP   4. require_once() /home/ubuntu/workspace/wp-config.php:92
[09-Aug-2016 20:34:54 UTC] PHP Parse error:  syntax error, unexpected '?>', expecting '{' in /home/ubuntu/workspace/wp-content/themes/onepix/functions.php on line 7
[09-Aug-2016 20:34:54 UTC] PHP Stack trace:
[09-Aug-2016 20:34:54 UTC] PHP   1. {main}() /home/ubuntu/workspace/wp-admin/admin-ajax.php:0
[09-Aug-2016 20:34:54 UTC] PHP   2. require_once() /home/ubuntu/workspace/wp-admin/admin-ajax.php:22
[09-Aug-2016 20:34:54 UTC] PHP   3. require_once() /home/ubuntu/workspace/wp-load.php:37
[09-Aug-2016 20:34:54 UTC] PHP   4. require_once() /home/ubuntu/workspace/wp-config.php:92
[09-Aug-2016 20:36:55 UTC] PHP Parse error:  syntax error, unexpected '}' in /home/ubuntu/workspace/wp-content/themes/onepix/functions.php on line 7
[09-Aug-2016 20:36:55 UTC] PHP Stack trace:
[09-Aug-2016 20:36:55 UTC] PHP   1. {main}() /home/ubuntu/workspace/wp-admin/admin-ajax.php:0
[09-Aug-2016 20:36:55 UTC] PHP   2. require_once() /home/ubuntu/workspace/wp-admin/admin-ajax.php:22
[09-Aug-2016 20:36:55 UTC] PHP   3. require_once() /home/ubuntu/workspace/wp-load.php:37
[09-Aug-2016 20:36:55 UTC] PHP   4. require_once() /home/ubuntu/workspace/wp-config.php:92
[10-Aug-2016 08:01:22 UTC] PHP Parse error:  syntax error, unexpected '}' in /home/ubuntu/workspace/wp-content/themes/onepix/functions.php on line 18
[10-Aug-2016 08:01:22 UTC] PHP Stack trace:
[10-Aug-2016 08:01:22 UTC] PHP   1. {main}() /home/ubuntu/workspace/wp-admin/admin-ajax.php:0
[10-Aug-2016 08:01:22 UTC] PHP   2. require_once() /home/ubuntu/workspace/wp-admin/admin-ajax.php:22
[10-Aug-2016 08:01:22 UTC] PHP   3. require_once() /home/ubuntu/workspace/wp-load.php:37
[10-Aug-2016 08:01:22 UTC] PHP   4. require_once() /home/ubuntu/workspace/wp-config.php:92
[10-Aug-2016 08:02:11 UTC] PHP Parse error:  syntax error, unexpected '}' in /home/ubuntu/workspace/wp-content/themes/onepix/functions.php on line 18
[10-Aug-2016 08:02:11 UTC] PHP Stack trace:
[10-Aug-2016 08:02:11 UTC] PHP   1. {main}() /home/ubuntu/workspace/wp-admin/nav-menus.php:0
[10-Aug-2016 08:02:11 UTC] PHP   2. require_once() /home/ubuntu/workspace/wp-admin/nav-menus.php:13
[10-Aug-2016 08:02:11 UTC] PHP   3. require_once() /home/ubuntu/workspace/wp-admin/admin.php:31
[10-Aug-2016 08:02:11 UTC] PHP   4. require_once() /home/ubuntu/workspace/wp-load.php:37
[10-Aug-2016 08:02:11 UTC] PHP   5. require_once() /home/ubuntu/workspace/wp-config.php:92
[10-Aug-2016 08:03:44 UTC] PHP Parse error:  syntax error, unexpected '}' in /home/ubuntu/workspace/wp-content/themes/onepix/functions.php on line 18
[10-Aug-2016 08:03:44 UTC] PHP Stack trace:
[10-Aug-2016 08:03:44 UTC] PHP   1. {main}() /home/ubuntu/workspace/wp-admin/index.php:0
[10-Aug-2016 08:03:44 UTC] PHP   2. require_once() /home/ubuntu/workspace/wp-admin/index.php:10
[10-Aug-2016 08:03:44 UTC] PHP   3. require_once() /home/ubuntu/workspace/wp-admin/admin.php:31
[10-Aug-2016 08:03:44 UTC] PHP   4. require_once() /home/ubuntu/workspace/wp-load.php:37
[10-Aug-2016 08:03:44 UTC] PHP   5. require_once() /home/ubuntu/workspace/wp-config.php:92
[10-Aug-2016 10:02:30 UTC] PHP Parse error:  syntax error, unexpected '}' in /home/ubuntu/workspace/wp-content/themes/onepix/functions.php on line 21
[10-Aug-2016 10:02:30 UTC] PHP Stack trace:
[10-Aug-2016 10:02:30 UTC] PHP   1. {main}() /home/ubuntu/workspace/wp-admin/admin-ajax.php:0
[10-Aug-2016 10:02:30 UTC] PHP   2. require_once() /home/ubuntu/workspace/wp-admin/admin-ajax.php:22
[10-Aug-2016 10:02:30 UTC] PHP   3. require_once() /home/ubuntu/workspace/wp-load.php:37
[10-Aug-2016 10:02:30 UTC] PHP   4. require_once() /home/ubuntu/workspace/wp-config.php:92
[10-Aug-2016 13:47:37 UTC] PHP Parse error:  syntax error, unexpected ')' in /home/ubuntu/workspace/wp-content/themes/onepix/functions.php on line 8
[10-Aug-2016 13:47:37 UTC] PHP Stack trace:
[10-Aug-2016 13:47:37 UTC] PHP   1. {main}() /home/ubuntu/workspace/wp-admin/admin-ajax.php:0
[10-Aug-2016 13:47:37 UTC] PHP   2. require_once() /home/ubuntu/workspace/wp-admin/admin-ajax.php:22
[10-Aug-2016 13:47:37 UTC] PHP   3. require_once() /home/ubuntu/workspace/wp-load.php:37
[10-Aug-2016 13:47:37 UTC] PHP   4. require_once() /home/ubuntu/workspace/wp-config.php:92
